28 03 2022 - 00:11:38.733 [main] INFO  io.javalin.Javalin - 
       __                      __ _            __ __
      / /____ _ _   __ ____ _ / /(_)____      / // /
 __  / // __ `/| | / // __ `// // // __ \    / // /_
/ /_/ // /_/ / | |/ // /_/ // // // / / /   /__  __/
\____/ \__,_/  |___/ \__,_//_//_//_/ /_/      /_/

          https://javalin.io/documentation

28 03 2022 - 00:11:38.745 [main] INFO  org.eclipse.jetty.util.log - Logging initialized @526ms to org.eclipse.jetty.util.log.Slf4jLog
28 03 2022 - 00:11:38.746 [main] INFO  io.javalin.Javalin - Starting Javalin ...
28 03 2022 - 00:11:38.777 [main] INFO  io.javalin.Javalin - You are running Javalin 4.3.0 (released January 13, 2022).
28 03 2022 - 00:11:38.997 [main] INFO  io.javalin.Javalin - Listening on http://localhost:8081/
28 03 2022 - 00:11:38.997 [main] INFO  io.javalin.Javalin - Javalin started in 252ms \o/
28 03 2022 - 00:13:14.646 [main] INFO  io.javalin.Javalin - 
       __                      __ _            __ __
      / /____ _ _   __ ____ _ / /(_)____      / // /
 __  / // __ `/| | / // __ `// // // __ \    / // /_
/ /_/ // /_/ / | |/ // /_/ // // // / / /   /__  __/
\____/ \__,_/  |___/ \__,_//_//_//_/ /_/      /_/

          https://javalin.io/documentation

28 03 2022 - 00:13:14.658 [main] INFO  org.eclipse.jetty.util.log - Logging initialized @484ms to org.eclipse.jetty.util.log.Slf4jLog
28 03 2022 - 00:13:14.658 [main] INFO  io.javalin.Javalin - Starting Javalin ...
28 03 2022 - 00:13:14.686 [main] INFO  io.javalin.Javalin - You are running Javalin 4.3.0 (released January 13, 2022).
28 03 2022 - 00:13:14.871 [main] INFO  io.javalin.Javalin - Listening on http://localhost:8081/
28 03 2022 - 00:13:14.871 [main] INFO  io.javalin.Javalin - Javalin started in 213ms \o/
28 03 2022 - 00:13:21.779 [JettyServerThreadPool-23] INFO  com.revature.main.Driver - POST request received for /login
28 03 2022 - 00:13:22.014 [JettyServerThreadPool-23] WARN  io.javalin.Javalin - Uncaught exception
org.postgresql.util.PSQLException: The server requested SCRAM-based authentication, but no password was provided.
	at org.postgresql.core.v3.ConnectionFactoryImpl.lambda$doAuthentication$4(ConnectionFactoryImpl.java:791)
	at org.postgresql.core.v3.AuthenticationPluginManager.withPassword(AuthenticationPluginManager.java:81)
	at org.postgresql.core.v3.ConnectionFactoryImpl.doAuthentication(ConnectionFactoryImpl.java:788)
	at org.postgresql.core.v3.ConnectionFactoryImpl.tryConnect(ConnectionFactoryImpl.java:180)
	at org.postgresql.core.v3.ConnectionFactoryImpl.openConnectionImpl(ConnectionFactoryImpl.java:235)
	at org.postgresql.core.ConnectionFactory.openConnection(ConnectionFactory.java:49)
	at org.postgresql.jdbc.PgConnection.<init>(PgConnection.java:223)
	at org.postgresql.Driver.makeConnection(Driver.java:400)
	at org.postgresql.Driver.connect(Driver.java:259)
	at java.sql.DriverManager.getConnection(DriverManager.java:664)
	at java.sql.DriverManager.getConnection(DriverManager.java:247)
	at com.revature.utility.ConnectionUtility.getConnection(ConnectionUtility.java:16)
	at com.revature.dao.UserDao.getUserByUsername(UserDao.java:16)
	at com.revature.service.UserService.login(UserService.java:20)
	at com.revature.controller.AuthenticationController.lambda$new$0(AuthenticationController.java:28)
	at io.javalin.core.security.SecurityUtil.noopAccessManager(SecurityUtil.kt:20)
	at io.javalin.http.JavalinServlet.addHandler$lambda-5(JavalinServlet.kt:115)
	at io.javalin.http.JavalinServlet$service$tryBeforeAndEndpointHandlers$1.invoke(JavalinServlet.kt:44)
	at io.javalin.http.JavalinServlet$service$tryBeforeAndEndpointHandlers$1.invoke(JavalinServlet.kt:39)
	at io.javalin.http.JavalinServlet.service$tryWithExceptionMapper(JavalinServlet.kt:131)
	at io.javalin.http.JavalinServlet.service$tryBeforeAndEndpointHandlers(JavalinServlet.kt:39)
	at io.javalin.http.JavalinServlet.service(JavalinServlet.kt:87)
	at javax.servlet.http.HttpServlet.service(HttpServlet.java:790)
	at io.javalin.jetty.JavalinJettyServlet.service(JavalinJettyServlet.kt:58)
	at javax.servlet.http.HttpServlet.service(HttpServlet.java:790)
	at org.eclipse.jetty.servlet.ServletHolder.handle(ServletHolder.java:799)
	at org.eclipse.jetty.servlet.ServletHandler.doHandle(ServletHandler.java:550)
	at org.eclipse.jetty.server.handler.ScopedHandler.nextHandle(ScopedHandler.java:233)
	at org.eclipse.jetty.server.session.SessionHandler.doHandle(SessionHandler.java:1624)
	at org.eclipse.jetty.server.handler.ScopedHandler.nextHandle(ScopedHandler.java:233)
	at io.javalin.jetty.JettyServer$start$wsAndHttpHandler$1.doHandle(JettyServer.kt:52)
	at org.eclipse.jetty.server.handler.ScopedHandler.nextScope(ScopedHandler.java:188)
	at org.eclipse.jetty.servlet.ServletHandler.doScope(ServletHandler.java:501)
	at org.eclipse.jetty.server.session.SessionHandler.doScope(SessionHandler.java:1594)
	at org.eclipse.jetty.server.handler.ScopedHandler.nextScope(ScopedHandler.java:186)
	at org.eclipse.jetty.server.handler.ContextHandler.doScope(ContextHandler.java:1349)
	at org.eclipse.jetty.server.handler.ScopedHandler.handle(ScopedHandler.java:141)
	at org.eclipse.jetty.server.handler.StatisticsHandler.handle(StatisticsHandler.java:179)
	at org.eclipse.jetty.server.handler.HandlerWrapper.handle(HandlerWrapper.java:127)
	at org.eclipse.jetty.server.Server.handle(Server.java:516)
	at org.eclipse.jetty.server.HttpChannel.lambda$handle$1(HttpChannel.java:400)
	at org.eclipse.jetty.server.HttpChannel.dispatch(HttpChannel.java:645)
	at org.eclipse.jetty.server.HttpChannel.handle(HttpChannel.java:392)
	at org.eclipse.jetty.server.HttpConnection.onFillable(HttpConnection.java:277)
	at org.eclipse.jetty.io.AbstractConnection$ReadCallback.succeeded(AbstractConnection.java:311)
	at org.eclipse.jetty.io.FillInterest.fillable(FillInterest.java:105)
	at org.eclipse.jetty.io.ChannelEndPoint$1.run(ChannelEndPoint.java:104)
	at org.eclipse.jetty.util.thread.QueuedThreadPool.runJob(QueuedThreadPool.java:883)
	at org.eclipse.jetty.util.thread.QueuedThreadPool$Runner.run(QueuedThreadPool.java:1034)
	at java.lang.Thread.run(Thread.java:750)
28 03 2022 - 00:21:56.458 [JettyServerThreadPool-26] INFO  com.revature.main.Driver - POST request received for /login
28 03 2022 - 00:21:56.499 [JettyServerThreadPool-26] WARN  io.javalin.Javalin - Uncaught exception
org.postgresql.util.PSQLException: The server requested SCRAM-based authentication, but no password was provided.
	at org.postgresql.core.v3.ConnectionFactoryImpl.lambda$doAuthentication$4(ConnectionFactoryImpl.java:791)
	at org.postgresql.core.v3.AuthenticationPluginManager.withPassword(AuthenticationPluginManager.java:81)
	at org.postgresql.core.v3.ConnectionFactoryImpl.doAuthentication(ConnectionFactoryImpl.java:788)
	at org.postgresql.core.v3.ConnectionFactoryImpl.tryConnect(ConnectionFactoryImpl.java:180)
	at org.postgresql.core.v3.ConnectionFactoryImpl.openConnectionImpl(ConnectionFactoryImpl.java:235)
	at org.postgresql.core.ConnectionFactory.openConnection(ConnectionFactory.java:49)
	at org.postgresql.jdbc.PgConnection.<init>(PgConnection.java:223)
	at org.postgresql.Driver.makeConnection(Driver.java:400)
	at org.postgresql.Driver.connect(Driver.java:259)
	at java.sql.DriverManager.getConnection(DriverManager.java:664)
	at java.sql.DriverManager.getConnection(DriverManager.java:247)
	at com.revature.utility.ConnectionUtility.getConnection(ConnectionUtility.java:16)
	at com.revature.dao.UserDao.getUserByUsername(UserDao.java:16)
	at com.revature.service.UserService.login(UserService.java:20)
	at com.revature.controller.AuthenticationController.lambda$new$0(AuthenticationController.java:28)
	at io.javalin.core.security.SecurityUtil.noopAccessManager(SecurityUtil.kt:20)
	at io.javalin.http.JavalinServlet.addHandler$lambda-5(JavalinServlet.kt:115)
	at io.javalin.http.JavalinServlet$service$tryBeforeAndEndpointHandlers$1.invoke(JavalinServlet.kt:44)
	at io.javalin.http.JavalinServlet$service$tryBeforeAndEndpointHandlers$1.invoke(JavalinServlet.kt:39)
	at io.javalin.http.JavalinServlet.service$tryWithExceptionMapper(JavalinServlet.kt:131)
	at io.javalin.http.JavalinServlet.service$tryBeforeAndEndpointHandlers(JavalinServlet.kt:39)
	at io.javalin.http.JavalinServlet.service(JavalinServlet.kt:87)
	at javax.servlet.http.HttpServlet.service(HttpServlet.java:790)
	at io.javalin.jetty.JavalinJettyServlet.service(JavalinJettyServlet.kt:58)
	at javax.servlet.http.HttpServlet.service(HttpServlet.java:790)
	at org.eclipse.jetty.servlet.ServletHolder.handle(ServletHolder.java:799)
	at org.eclipse.jetty.servlet.ServletHandler.doHandle(ServletHandler.java:550)
	at org.eclipse.jetty.server.handler.ScopedHandler.nextHandle(ScopedHandler.java:233)
	at org.eclipse.jetty.server.session.SessionHandler.doHandle(SessionHandler.java:1624)
	at org.eclipse.jetty.server.handler.ScopedHandler.nextHandle(ScopedHandler.java:233)
	at io.javalin.jetty.JettyServer$start$wsAndHttpHandler$1.doHandle(JettyServer.kt:52)
	at org.eclipse.jetty.server.handler.ScopedHandler.nextScope(ScopedHandler.java:188)
	at org.eclipse.jetty.servlet.ServletHandler.doScope(ServletHandler.java:501)
	at org.eclipse.jetty.server.session.SessionHandler.doScope(SessionHandler.java:1594)
	at org.eclipse.jetty.server.handler.ScopedHandler.nextScope(ScopedHandler.java:186)
	at org.eclipse.jetty.server.handler.ContextHandler.doScope(ContextHandler.java:1349)
	at org.eclipse.jetty.server.handler.ScopedHandler.handle(ScopedHandler.java:141)
	at org.eclipse.jetty.server.handler.StatisticsHandler.handle(StatisticsHandler.java:179)
	at org.eclipse.jetty.server.handler.HandlerWrapper.handle(HandlerWrapper.java:127)
	at org.eclipse.jetty.server.Server.handle(Server.java:516)
	at org.eclipse.jetty.server.HttpChannel.lambda$handle$1(HttpChannel.java:400)
	at org.eclipse.jetty.server.HttpChannel.dispatch(HttpChannel.java:645)
	at org.eclipse.jetty.server.HttpChannel.handle(HttpChannel.java:392)
	at org.eclipse.jetty.server.HttpConnection.onFillable(HttpConnection.java:277)
	at org.eclipse.jetty.io.AbstractConnection$ReadCallback.succeeded(AbstractConnection.java:311)
	at org.eclipse.jetty.io.FillInterest.fillable(FillInterest.java:105)
	at org.eclipse.jetty.io.ChannelEndPoint$1.run(ChannelEndPoint.java:104)
	at org.eclipse.jetty.util.thread.QueuedThreadPool.runJob(QueuedThreadPool.java:883)
	at org.eclipse.jetty.util.thread.QueuedThreadPool$Runner.run(QueuedThreadPool.java:1034)
	at java.lang.Thread.run(Thread.java:750)
28 03 2022 - 00:21:59.568 [JettyServerThreadPool-11] INFO  com.revature.main.Driver - POST request received for /login
28 03 2022 - 00:21:59.593 [JettyServerThreadPool-11] WARN  io.javalin.Javalin - Uncaught exception
org.postgresql.util.PSQLException: The server requested SCRAM-based authentication, but no password was provided.
	at org.postgresql.core.v3.ConnectionFactoryImpl.lambda$doAuthentication$4(ConnectionFactoryImpl.java:791)
	at org.postgresql.core.v3.AuthenticationPluginManager.withPassword(AuthenticationPluginManager.java:81)
	at org.postgresql.core.v3.ConnectionFactoryImpl.doAuthentication(ConnectionFactoryImpl.java:788)
	at org.postgresql.core.v3.ConnectionFactoryImpl.tryConnect(ConnectionFactoryImpl.java:180)
	at org.postgresql.core.v3.ConnectionFactoryImpl.openConnectionImpl(ConnectionFactoryImpl.java:235)
	at org.postgresql.core.ConnectionFactory.openConnection(ConnectionFactory.java:49)
	at org.postgresql.jdbc.PgConnection.<init>(PgConnection.java:223)
	at org.postgresql.Driver.makeConnection(Driver.java:400)
	at org.postgresql.Driver.connect(Driver.java:259)
	at java.sql.DriverManager.getConnection(DriverManager.java:664)
	at java.sql.DriverManager.getConnection(DriverManager.java:247)
	at com.revature.utility.ConnectionUtility.getConnection(ConnectionUtility.java:16)
	at com.revature.dao.UserDao.getUserByUsername(UserDao.java:16)
	at com.revature.service.UserService.login(UserService.java:20)
	at com.revature.controller.AuthenticationController.lambda$new$0(AuthenticationController.java:28)
	at io.javalin.core.security.SecurityUtil.noopAccessManager(SecurityUtil.kt:20)
	at io.javalin.http.JavalinServlet.addHandler$lambda-5(JavalinServlet.kt:115)
	at io.javalin.http.JavalinServlet$service$tryBeforeAndEndpointHandlers$1.invoke(JavalinServlet.kt:44)
	at io.javalin.http.JavalinServlet$service$tryBeforeAndEndpointHandlers$1.invoke(JavalinServlet.kt:39)
	at io.javalin.http.JavalinServlet.service$tryWithExceptionMapper(JavalinServlet.kt:131)
	at io.javalin.http.JavalinServlet.service$tryBeforeAndEndpointHandlers(JavalinServlet.kt:39)
	at io.javalin.http.JavalinServlet.service(JavalinServlet.kt:87)
	at javax.servlet.http.HttpServlet.service(HttpServlet.java:790)
	at io.javalin.jetty.JavalinJettyServlet.service(JavalinJettyServlet.kt:58)
	at javax.servlet.http.HttpServlet.service(HttpServlet.java:790)
	at org.eclipse.jetty.servlet.ServletHolder.handle(ServletHolder.java:799)
	at org.eclipse.jetty.servlet.ServletHandler.doHandle(ServletHandler.java:550)
	at org.eclipse.jetty.server.handler.ScopedHandler.nextHandle(ScopedHandler.java:233)
	at org.eclipse.jetty.server.session.SessionHandler.doHandle(SessionHandler.java:1624)
	at org.eclipse.jetty.server.handler.ScopedHandler.nextHandle(ScopedHandler.java:233)
	at io.javalin.jetty.JettyServer$start$wsAndHttpHandler$1.doHandle(JettyServer.kt:52)
	at org.eclipse.jetty.server.handler.ScopedHandler.nextScope(ScopedHandler.java:188)
	at org.eclipse.jetty.servlet.ServletHandler.doScope(ServletHandler.java:501)
	at org.eclipse.jetty.server.session.SessionHandler.doScope(SessionHandler.java:1594)
	at org.eclipse.jetty.server.handler.ScopedHandler.nextScope(ScopedHandler.java:186)
	at org.eclipse.jetty.server.handler.ContextHandler.doScope(ContextHandler.java:1349)
	at org.eclipse.jetty.server.handler.ScopedHandler.handle(ScopedHandler.java:141)
	at org.eclipse.jetty.server.handler.StatisticsHandler.handle(StatisticsHandler.java:179)
	at org.eclipse.jetty.server.handler.HandlerWrapper.handle(HandlerWrapper.java:127)
	at org.eclipse.jetty.server.Server.handle(Server.java:516)
	at org.eclipse.jetty.server.HttpChannel.lambda$handle$1(HttpChannel.java:400)
	at org.eclipse.jetty.server.HttpChannel.dispatch(HttpChannel.java:645)
	at org.eclipse.jetty.server.HttpChannel.handle(HttpChannel.java:392)
	at org.eclipse.jetty.server.HttpConnection.onFillable(HttpConnection.java:277)
	at org.eclipse.jetty.io.AbstractConnection$ReadCallback.succeeded(AbstractConnection.java:311)
	at org.eclipse.jetty.io.FillInterest.fillable(FillInterest.java:105)
	at org.eclipse.jetty.io.ChannelEndPoint$1.run(ChannelEndPoint.java:104)
	at org.eclipse.jetty.util.thread.strategy.EatWhatYouKill.runTask(EatWhatYouKill.java:338)
	at org.eclipse.jetty.util.thread.strategy.EatWhatYouKill.doProduce(EatWhatYouKill.java:315)
	at org.eclipse.jetty.util.thread.strategy.EatWhatYouKill.tryProduce(EatWhatYouKill.java:173)
	at org.eclipse.jetty.util.thread.strategy.EatWhatYouKill.produce(EatWhatYouKill.java:137)
	at org.eclipse.jetty.util.thread.QueuedThreadPool.runJob(QueuedThreadPool.java:883)
	at org.eclipse.jetty.util.thread.QueuedThreadPool$Runner.run(QueuedThreadPool.java:1034)
	at java.lang.Thread.run(Thread.java:750)
28 03 2022 - 10:02:49.712 [main] INFO  io.javalin.Javalin - 
       __                      __ _            __ __
      / /____ _ _   __ ____ _ / /(_)____      / // /
 __  / // __ `/| | / // __ `// // // __ \    / // /_
/ /_/ // /_/ / | |/ // /_/ // // // / / /   /__  __/
\____/ \__,_/  |___/ \__,_//_//_//_/ /_/      /_/

          https://javalin.io/documentation

28 03 2022 - 10:02:49.726 [main] INFO  org.eclipse.jetty.util.log - Logging initialized @589ms to org.eclipse.jetty.util.log.Slf4jLog
28 03 2022 - 10:02:49.727 [main] INFO  io.javalin.Javalin - Starting Javalin ...
28 03 2022 - 10:02:49.762 [main] INFO  io.javalin.Javalin - You are running Javalin 4.3.0 (released January 13, 2022).
28 03 2022 - 10:02:49.972 [main] INFO  io.javalin.Javalin - Listening on http://localhost:8081/
28 03 2022 - 10:02:49.972 [main] INFO  io.javalin.Javalin - Javalin started in 246ms \o/
28 03 2022 - 10:02:56.145 [JettyServerThreadPool-23] INFO  com.revature.main.Driver - POST request received for /login
28 03 2022 - 10:03:07.857 [JettyServerThreadPool-13] INFO  com.revature.main.Driver - GET request received for /reimbursements
28 03 2022 - 14:58:32.106 [main] INFO  io.javalin.Javalin - 
       __                      __ _            __ __
      / /____ _ _   __ ____ _ / /(_)____      / // /
 __  / // __ `/| | / // __ `// // // __ \    / // /_
/ /_/ // /_/ / | |/ // /_/ // // // / / /   /__  __/
\____/ \__,_/  |___/ \__,_//_//_//_/ /_/      /_/

          https://javalin.io/documentation

28 03 2022 - 14:58:32.119 [main] INFO  org.eclipse.jetty.util.log - Logging initialized @579ms to org.eclipse.jetty.util.log.Slf4jLog
28 03 2022 - 14:58:32.120 [main] INFO  io.javalin.Javalin - Starting Javalin ...
28 03 2022 - 14:58:32.153 [main] INFO  io.javalin.Javalin - You are running Javalin 4.3.0 (released January 13, 2022).
28 03 2022 - 14:58:32.359 [main] INFO  io.javalin.Javalin - Listening on http://localhost:8081/
28 03 2022 - 14:58:32.359 [main] INFO  io.javalin.Javalin - Javalin started in 239ms \o/
28 03 2022 - 14:59:10.058 [JettyServerThreadPool-18] INFO  com.revature.main.Driver - POST request received for /signup
28 03 2022 - 14:59:26.065 [JettyServerThreadPool-12] INFO  com.revature.main.Driver - POST request received for /signup
28 03 2022 - 15:26:11.214 [main] INFO  io.javalin.Javalin - 
       __                      __ _            __ __
      / /____ _ _   __ ____ _ / /(_)____      / // /
 __  / // __ `/| | / // __ `// // // __ \    / // /_
/ /_/ // /_/ / | |/ // /_/ // // // / / /   /__  __/
\____/ \__,_/  |___/ \__,_//_//_//_/ /_/      /_/

          https://javalin.io/documentation

28 03 2022 - 15:26:11.226 [main] INFO  org.eclipse.jetty.util.log - Logging initialized @606ms to org.eclipse.jetty.util.log.Slf4jLog
28 03 2022 - 15:26:11.226 [main] INFO  io.javalin.Javalin - Starting Javalin ...
28 03 2022 - 15:26:11.260 [main] INFO  io.javalin.Javalin - You are running Javalin 4.3.0 (released January 13, 2022).
28 03 2022 - 15:26:11.457 [main] INFO  io.javalin.Javalin - Listening on http://localhost:8081/
28 03 2022 - 15:26:11.457 [main] INFO  io.javalin.Javalin - Javalin started in 231ms \o/
28 03 2022 - 15:26:23.040 [JettyServerThreadPool-18] INFO  com.revature.main.Driver - POST request received for /login
28 03 2022 - 15:26:25.103 [JettyServerThreadPool-12] INFO  com.revature.main.Driver - OPTIONS request received for /reimbursements
28 03 2022 - 15:26:25.115 [JettyServerThreadPool-17] INFO  com.revature.main.Driver - GET request received for /reimbursements
28 03 2022 - 15:26:30.180 [JettyServerThreadPool-16] INFO  com.revature.main.Driver - OPTIONS request received for /reimbursements
28 03 2022 - 15:26:30.196 [JettyServerThreadPool-17] INFO  com.revature.main.Driver - GET request received for /reimbursements
28 03 2022 - 15:26:55.179 [JettyServerThreadPool-16] INFO  com.revature.main.Driver - POST request received for /login
28 03 2022 - 15:26:55.729 [JettyServerThreadPool-17] INFO  com.revature.main.Driver - OPTIONS request received for /users/1/reimbursements
28 03 2022 - 15:26:55.747 [JettyServerThreadPool-16] INFO  com.revature.main.Driver - GET request received for /users/1/reimbursements
28 03 2022 - 20:32:59.566 [main] INFO  io.javalin.Javalin - 
       __                      __ _            __ __
      / /____ _ _   __ ____ _ / /(_)____      / // /
 __  / // __ `/| | / // __ `// // // __ \    / // /_
/ /_/ // /_/ / | |/ // /_/ // // // / / /   /__  __/
\____/ \__,_/  |___/ \__,_//_//_//_/ /_/      /_/

          https://javalin.io/documentation

28 03 2022 - 20:32:59.680 [main] INFO  org.eclipse.jetty.util.log - Logging initialized @903ms to org.eclipse.jetty.util.log.Slf4jLog
28 03 2022 - 20:32:59.681 [main] INFO  io.javalin.Javalin - Starting Javalin ...
28 03 2022 - 20:32:59.724 [main] INFO  io.javalin.Javalin - You are running Javalin 4.3.0 (released January 13, 2022).
28 03 2022 - 20:33:00.154 [main] INFO  io.javalin.Javalin - Listening on http://localhost:8081/
28 03 2022 - 20:33:00.155 [main] INFO  io.javalin.Javalin - Javalin started in 474ms \o/
29 03 2022 - 21:54:06.164 [main] INFO  io.javalin.Javalin - 
       __                      __ _            __ __
      / /____ _ _   __ ____ _ / /(_)____      / // /
 __  / // __ `/| | / // __ `// // // __ \    / // /_
/ /_/ // /_/ / | |/ // /_/ // // // / / /   /__  __/
\____/ \__,_/  |___/ \__,_//_//_//_/ /_/      /_/

          https://javalin.io/documentation

29 03 2022 - 21:54:06.183 [main] INFO  org.eclipse.jetty.util.log - Logging initialized @543ms to org.eclipse.jetty.util.log.Slf4jLog
29 03 2022 - 21:54:06.184 [main] INFO  io.javalin.Javalin - Starting Javalin ...
29 03 2022 - 21:54:06.225 [main] INFO  io.javalin.Javalin - You are running Javalin 4.3.0 (released January 13, 2022).
29 03 2022 - 21:54:06.419 [main] INFO  io.javalin.Javalin - Listening on http://localhost:8081/
29 03 2022 - 21:54:06.419 [main] INFO  io.javalin.Javalin - Javalin started in 235ms \o/
29 03 2022 - 21:54:14.669 [JettyServerThreadPool-23] INFO  com.revature.main.Driver - GET request received for /users/1/reimbursements/
29 03 2022 - 21:54:25.013 [JettyServerThreadPool-13] INFO  com.revature.main.Driver - GET request received for /reimbursements
